{"ts":"2026-06-03T19:44:05.616Z","action":"feature add","args":{"slug":"cli-dispatch","title":"CLI Dispatch and Install Engine","story":"CLI entry point providing argument parsing, command dispatch, and install/uninstall orchestration engine"},"mode":"spec"}
{"ts":"2026-06-03T19:44:09.268Z","action":"feature add","args":{"slug":"tool-registry","title":"Tool Registry","story":"Central in-memory registry of ToolDefinition entries, supporting register/get/list/runTool and tool list formatting"},"mode":"spec"}
{"ts":"2026-06-03T19:44:09.394Z","action":"feature add","args":{"slug":"tool-utils","title":"Tool Utilities","story":"Shared utilities consumed by tools: timestamp parsing, skill discovery, cross-platform abstraction (after refactoring)"},"mode":"spec"}
{"ts":"2026-06-03T19:44:09.521Z","action":"feature add","args":{"slug":"terminal-ui","title":"Terminal UI","story":"Terminal output formatting: ANSI color, banner/welcome screen, interactive prompts, and structured output functions"},"mode":"spec"}
{"ts":"2026-06-03T19:44:15.711Z","action":"submodule add","args":{"feature":"cli-dispatch","slug":"arg-parser","role":"parseArguments: CLI argument parsing and dispatch"},"mode":"spec"}
{"ts":"2026-06-03T19:44:15.847Z","action":"submodule add","args":{"feature":"cli-dispatch","slug":"help-builder","role":"buildHelpText family: command help text generation"},"mode":"spec"}
{"ts":"2026-06-03T19:44:15.974Z","action":"submodule add","args":{"feature":"cli-dispatch","slug":"installer-core","role":"installLinks/syncToolkitHome/uninstallSkills: installation engine"},"mode":"spec"}
{"ts":"2026-06-03T19:44:16.104Z","action":"submodule add","args":{"feature":"cli-dispatch","slug":"tool-discovery","role":"registerAllTools/isKnownToolName: dynamic tool loading"},"mode":"spec"}
{"ts":"2026-06-03T19:44:16.234Z","action":"submodule add","args":{"feature":"cli-dispatch","slug":"update-checker","role":"checkForPackageUpdate/execCommand: npm version check"},"mode":"spec"}
{"ts":"2026-06-03T19:44:16.372Z","action":"submodule add","args":{"feature":"tool-registry","slug":"registry-core","role":"registerTool/getTool/listTools/runTool: in-memory registry"},"mode":"spec"}
{"ts":"2026-06-03T19:44:16.507Z","action":"submodule add","args":{"feature":"tool-registry","slug":"formatter","role":"formatToolList/buildToolDiscoveryHelp: tool list display"},"mode":"spec"}
{"ts":"2026-06-03T19:44:16.633Z","action":"submodule add","args":{"feature":"tool-utils","slug":"log-utils","role":"extractTimestamp/parseCliTimestamp/inWindow: log parsing"},"mode":"spec"}
{"ts":"2026-06-03T19:44:16.762Z","action":"submodule add","args":{"feature":"tool-utils","slug":"skill-discovery","role":"iterSkillDirs: skill directory enumeration"},"mode":"spec"}
{"ts":"2026-06-03T19:44:16.885Z","action":"submodule add","args":{"feature":"terminal-ui","slug":"terminal-detection","role":"isInteractive/supportsColor: TTY and color detection"},"mode":"spec"}
{"ts":"2026-06-03T19:44:17.014Z","action":"submodule add","args":{"feature":"terminal-ui","slug":"banner-display","role":"buildBanner/buildWordmark: branding display"},"mode":"spec"}
{"ts":"2026-06-03T19:44:17.146Z","action":"submodule add","args":{"feature":"terminal-ui","slug":"interactive-prompts","role":"promptForModes/promptYesNo: user prompts"},"mode":"spec"}
{"ts":"2026-06-03T19:44:22.117Z","action":"edge add","args":{"from":{"feature":"cli-dispatch","submodule":"arg-parser"},"to":{"feature":"tool-registry","submodule":"registry-core"},"kind":"call","label":"run() calls runTool()","id":"cli-edge-001"},"mode":"spec"}
{"ts":"2026-06-03T19:44:22.248Z","action":"edge add","args":{"from":{"feature":"cli-dispatch","submodule":"installer-core"},"to":{"feature":"terminal-ui","submodule":"banner-display"},"kind":"call","label":"install summary uses banner","id":"cli-edge-002"},"mode":"spec"}
{"ts":"2026-06-03T19:44:22.389Z","action":"edge add","args":{"from":{"feature":"cli-dispatch","submodule":"installer-core"},"to":{"feature":"terminal-ui","submodule":"interactive-prompts"},"kind":"call","label":"install prompts use inquirer","id":"cli-edge-003"},"mode":"spec"}
{"ts":"2026-06-03T19:44:22.526Z","action":"edge add","args":{"from":{"feature":"cli-dispatch","submodule":"help-builder"},"to":{"feature":"terminal-ui","submodule":"banner-display"},"kind":"call","label":"help text uses buildBanner","id":"cli-edge-004"},"mode":"spec"}
{"ts":"2026-06-03T19:44:22.659Z","action":"edge add","args":{"from":{"feature":"cli-dispatch","submodule":"help-builder"},"to":{"feature":"tool-registry","submodule":"formatter"},"kind":"call","label":"help text uses formatToolList","id":"cli-edge-005"},"mode":"spec"}
{"ts":"2026-06-03T19:44:22.795Z","action":"edge add","args":{"from":{"feature":"cli-dispatch","submodule":"tool-discovery"},"to":{"feature":"tool-registry","submodule":"registry-core"},"kind":"call","label":"registerAllTools calls registerTool","id":"cli-edge-006"},"mode":"spec"}
{"ts":"2026-06-03T19:44:22.921Z","action":"edge add","args":{"from":{"feature":"cli-dispatch","submodule":"update-checker"},"to":{"feature":"terminal-ui","submodule":"terminal-detection"},"kind":"call","label":"update check uses isInteractive","id":"cli-edge-007"},"mode":"spec"}
{"ts":"2026-06-03T19:44:23.053Z","action":"edge add","args":{"from":{"feature":"cli-dispatch","submodule":"installer-core"},"to":{"feature":"terminal-ui","submodule":"terminal-detection"},"kind":"call","label":"installer uses supportsColor","id":"cli-edge-008"},"mode":"spec"}
